<?xml version="1.0" encoding="UTF-8"?>
<!-- Generated by org.testng.reporters.JUnitXMLReporter -->
<testsuite ignored="10" hostname="LAPTOP-BUQV6KE4" failures="0" tests="6" name="ChromeTest" time="87.332" errors="0" timestamp="2021-05-27T22:32:53 IST">
  <testcase classname="testcases.LoginPage" name="logintest" time="15.773"/>
  <testcase classname="testcases.SearchPage" name="search" time="32.185"/>
  <testcase classname="testcases.ProductPage" name="AddProductToCart" time="0.113"/>
  <testcase classname="testcases.CheckoutPage" name="func" time="5.794"/>
  <testcase classname="testcases.Assertions" name="assertinfo" time="0.003"/>
  <testcase classname="testcases.LogoutPage" name="logouttest" time="0.234"/>
  <testcase classname="testflipkart.Baseclass" name="@AfterTest close" time="0.0">
    <ignored/>
  </testcase> <!-- @AfterTest close -->
  <testcase classname="testflipkart.Baseclass" name="@AfterTest close" time="0.0">
    <ignored/>
  </testcase> <!-- @AfterTest close -->
  <testcase classname="testflipkart.Baseclass" name="@AfterTest close" time="0.0">
    <ignored/>
  </testcase> <!-- @AfterTest close -->
  <testcase classname="testflipkart.Baseclass" name="@AfterTest close" time="0.0">
    <ignored/>
  </testcase> <!-- @AfterTest close -->
  <testcase classname="testflipkart.Baseclass" name="@AfterTest close" time="0.0">
    <ignored/>
  </testcase> <!-- @AfterTest close -->
  <testcase classname="testflipkart.Baseclass" name="@BeforeTest setup" time="0.0">
    <ignored/>
  </testcase> <!-- @BeforeTest setup -->
  <testcase classname="testflipkart.Baseclass" name="@BeforeTest setup" time="0.0">
    <ignored/>
  </testcase> <!-- @BeforeTest setup -->
  <testcase classname="testflipkart.Baseclass" name="@BeforeTest setup" time="0.0">
    <ignored/>
  </testcase> <!-- @BeforeTest setup -->
  <testcase classname="testflipkart.Baseclass" name="@BeforeTest setup" time="0.0">
    <ignored/>
  </testcase> <!-- @BeforeTest setup -->
  <testcase classname="testflipkart.Baseclass" name="@BeforeTest setup" time="0.0">
    <ignored/>
  </testcase> <!-- @BeforeTest setup -->
</testsuite> <!-- ChromeTest -->
