<?xml version="1.0" encoding="UTF-8"?>
<!-- Generated by org.testng.reporters.JUnitXMLReporter -->
<testsuite ignored="10" hostname="LAPTOP-BUQV6KE4" failures="0" tests="6" name="Test" time="2.074" errors="0" timestamp="2021-10-20T19:23:21 IST">
  <testcase classname="testflipkart.Baseclass" name="@BeforeTest setup" time="1.613">
    <failure type="java.lang.Exception" message="Driver initialisation failed">
      <![CDATA[java.lang.Exception: Driver initialisation failed
at testflipkart.Baseclass.setup(Baseclass.java:60)
... Removed 24 stack frames]]>
    </failure>
  </testcase> <!-- @BeforeTest setup -->
  <testcase classname="testflipkart.Baseclass" name="@AfterTest close" time="-1.634738001383E9">
    <skipped/>
  </testcase> <!-- @AfterTest close -->
  <testcase classname="testcases.LoginPage" name="logintest" time="0.0">
    <skipped/>
  </testcase> <!-- logintest -->
  <testcase classname="testcases.SearchPage" name="search" time="0.0">
    <skipped/>
  </testcase> <!-- search -->
  <testcase classname="testcases.ProductPage" name="AddProductToCart" time="0.0">
    <skipped/>
  </testcase> <!-- AddProductToCart -->
  <testcase classname="testcases.CheckoutPage" name="func" time="0.0">
    <skipped/>
  </testcase> <!-- func -->
  <testcase classname="testcases.Assertions" name="assertinfo" time="0.0">
    <skipped/>
  </testcase> <!-- assertinfo -->
  <testcase classname="testcases.LogoutPage" name="logouttest" time="0.0">
    <skipped/>
  </testcase> <!-- logouttest -->
  <testcase classname="testflipkart.Baseclass" name="@AfterTest close" time="0.0">
    <ignored/>
  </testcase> <!-- @AfterTest close -->
  <testcase classname="testflipkart.Baseclass" name="@AfterTest close" time="0.0">
    <ignored/>
  </testcase> <!-- @AfterTest close -->
  <testcase classname="testflipkart.Baseclass" name="@AfterTest close" time="0.0">
    <ignored/>
  </testcase> <!-- @AfterTest close -->
  <testcase classname="testflipkart.Baseclass" name="@AfterTest close" time="0.0">
    <ignored/>
  </testcase> <!-- @AfterTest close -->
  <testcase classname="testflipkart.Baseclass" name="@AfterTest close" time="0.0">
    <ignored/>
  </testcase> <!-- @AfterTest close -->
  <testcase classname="testflipkart.Baseclass" name="@BeforeTest setup" time="0.0">
    <ignored/>
  </testcase> <!-- @BeforeTest setup -->
  <testcase classname="testflipkart.Baseclass" name="@BeforeTest setup" time="0.0">
    <ignored/>
  </testcase> <!-- @BeforeTest setup -->
  <testcase classname="testflipkart.Baseclass" name="@BeforeTest setup" time="0.0">
    <ignored/>
  </testcase> <!-- @BeforeTest setup -->
  <testcase classname="testflipkart.Baseclass" name="@BeforeTest setup" time="0.0">
    <ignored/>
  </testcase> <!-- @BeforeTest setup -->
  <testcase classname="testflipkart.Baseclass" name="@BeforeTest setup" time="0.0">
    <ignored/>
  </testcase> <!-- @BeforeTest setup -->
</testsuite> <!-- Test -->
