<?xml version="1.0" encoding="UTF-8"?>
<!-- Generated by org.testng.reporters.JUnitXMLReporter -->
<testsuite ignored="10" hostname="LAPTOP-BUQV6KE4" failures="0" tests="6" name="Test" time="17.656" errors="0" timestamp="2021-10-20T22:16:29 IST">
  <testcase classname="testcases.LoginPage" name="logintest" time="7.104"/>
  <testcase classname="testcases.SearchPage" name="search" time="1.603"/>
  <testcase classname="testcases.ProductPage" name="AddProductToCart" time="1.796"/>
  <testcase classname="testcases.CheckoutPage" name="func" time="0.71"/>
  <testcase classname="testcases.Assertions" name="assertinfo" time="0.001"/>
  <testcase classname="testcases.LogoutPage" name="logouttest" time="0.294"/>
  <testcase classname="testflipkart.Baseclass" name="@BeforeTest setup" time="0.0">
    <ignored/>
  </testcase> <!-- @BeforeTest setup -->
  <testcase classname="testflipkart.Baseclass" name="@BeforeTest setup" time="0.0">
    <ignored/>
  </testcase> <!-- @BeforeTest setup -->
  <testcase classname="testflipkart.Baseclass" name="@BeforeTest setup" time="0.0">
    <ignored/>
  </testcase> <!-- @BeforeTest setup -->
  <testcase classname="testflipkart.Baseclass" name="@BeforeTest setup" time="0.0">
    <ignored/>
  </testcase> <!-- @BeforeTest setup -->
  <testcase classname="testflipkart.Baseclass" name="@BeforeTest setup" time="0.0">
    <ignored/>
  </testcase> <!-- @BeforeTest setup -->
  <testcase classname="testflipkart.Baseclass" name="@AfterTest close" time="0.0">
    <ignored/>
  </testcase> <!-- @AfterTest close -->
  <testcase classname="testflipkart.Baseclass" name="@AfterTest close" time="0.0">
    <ignored/>
  </testcase> <!-- @AfterTest close -->
  <testcase classname="testflipkart.Baseclass" name="@AfterTest close" time="0.0">
    <ignored/>
  </testcase> <!-- @AfterTest close -->
  <testcase classname="testflipkart.Baseclass" name="@AfterTest close" time="0.0">
    <ignored/>
  </testcase> <!-- @AfterTest close -->
  <testcase classname="testflipkart.Baseclass" name="@AfterTest close" time="0.0">
    <ignored/>
  </testcase> <!-- @AfterTest close -->
</testsuite> <!-- Test -->
