<?xml version="1.0" encoding="UTF-8"?>
<testsuite xmlns:xsi="http://www.w3.org/2001/XMLSchema-instance" xsi:noNamespaceSchemaLocation="https://maven.apache.org/surefire/maven-surefire-plugin/xsd/surefire-test-report-3.0.xsd" version="3.0" name="TestSuite" time="18.198" tests="6" errors="0" skipped="0" failures="0">
  <properties>
[...]
</properties>
  <testcase name="logintest[sheirsh.bittu@gmail.com, S9837236794](1)" classname="testcases.LoginPage" time="7.098">
    <system-out><![CDATA[2021-10-20 22:16:17 INFO  Log:12 - **************Logging in to flipkart website***************
]]></system-out>
    <system-err><![CDATA[Starting ChromeDriver 95.0.4638.17 (a9d0719444d4b035e284ed1fce73bf6ccd789df2-refs/branch-heads/4638@{#178}) on port 16739
Only local connections are allowed.
Please see https://chromedriver.chromium.org/security-considerations for suggestions on keeping ChromeDriver safe.
ChromeDriver was started successfully.
Oct 20, 2021 10:16:14 PM org.openqa.selenium.remote.ProtocolHandshake createSession
INFO: Detected dialect: W3C
]]></system-err>
  </testcase>
  <testcase name="search" classname="testcases.SearchPage" time="1.604">
    <system-out><![CDATA[2021-10-20 22:16:24 INFO  Log:12 - Logged in successfully
2021-10-20 22:16:25 INFO  Log:12 - CLicked on random product
]]></system-out>
  </testcase>
  <testcase name="AddProductToCart" classname="testcases.ProductPage" time="1.8">
    <system-out><![CDATA[CALLIE 4k camera with high-Tech V3+ Sony 179 Sensor, 170Â° Wide-Angle Lens Sports and Action Camera  (Black, 12 MP)
2,999
2021-10-20 22:16:27 INFO  Log:12 - Added product to cart
]]></system-out>
  </testcase>
  <testcase name="func" classname="testcases.CheckoutPage" time="0.707">
    <system-out><![CDATA[CALLIE 4k camera with high-Tech V3+ Sony 179 Sensor, 170Â° Wide-Angle Lens Sports and Action Camera
2,999
2021-10-20 22:16:28 INFO  Log:12 - Checkout page, saving product for later
]]></system-out>
  </testcase>
  <testcase name="assertinfo" classname="testcases.Assertions" time="0.001"/>
  <testcase name="logouttest" classname="testcases.LogoutPage" time="0.294">
    <system-out><![CDATA[2021-10-20 22:16:28 INFO  Log:12 - ***************Logging out of Flipkart website*****************
]]></system-out>
  </testcase>
</testsuite>